{"synthetic": false,
 "schemaVersion": "2025-09-10",
 "outputs":
 {"o": ["8cb8d8cf6a66eec9.olean"],
  "i": "949fd923836d0787.ilean",
  "c": "f10878ca6406d5df.c"},
 "log":
 [{"message":
   ".> LEAN_PATH=/home/yutia000/Work/Courses/cs-6501-001/scene-flow-spec-lean/.lake/build/lib/lean /home/yutia000/.elan/toolchains/leanprover--lean4---v4.28.0/bin/lean /home/yutia000/Work/Courses/cs-6501-001/scene-flow-spec-lean/SceneFlowSpec/Examples.lean -o /home/yutia000/Work/Courses/cs-6501-001/scene-flow-spec-lean/.lake/build/lib/lean/SceneFlowSpec/Examples.olean -i /home/yutia000/Work/Courses/cs-6501-001/scene-flow-spec-lean/.lake/build/lib/lean/SceneFlowSpec/Examples.ilean -c /home/yutia000/Work/Courses/cs-6501-001/scene-flow-spec-lean/.lake/build/ir/SceneFlowSpec/Examples.c --setup /home/yutia000/Work/Courses/cs-6501-001/scene-flow-spec-lean/.lake/build/ir/SceneFlowSpec/Examples.setup.json --json",
   "level": "trace"},
  {"message":
   "SceneFlowSpec/Examples.lean:176:0: \"[✗ VIOLATED] Yield at intersection (trace length = 4)\"",
   "level": "info"},
  {"message":
   "SceneFlowSpec/Examples.lean:179:0: \"[✗ VIOLATED] Yield at intersection (trace length = 4)\"",
   "level": "info"},
  {"message":
   "SceneFlowSpec/Examples.lean:183:0: SceneFlowSpec.Verdict.satisfied",
   "level": "info"},
  {"message":
   "SceneFlowSpec/Examples.lean:209:0: \"[✓ SATISFIED] Safe following distance (5 frames) (trace length = 5)\"",
   "level": "info"},
  {"message":
   "SceneFlowSpec/Examples.lean:213:0: [(0, true), (1, true), (2, true), (3, false), (4, false)]",
   "level": "info"}],
 "inputs":
 [["SceneFlowSpec.Examples:deps",
   [["deps",
     [["«scene-flow-spec-lean»/SceneFlowSpec:extraDep",
       [["@«scene-flow-spec-lean»:extraDep", "00000000000006bb"]]],
      ["imports",
       [["SceneFlowSpec.Monitor transitive imports (legacy)",
         "7c3d227e88b25bee"],
        ["SceneFlowSpec.Monitor:importAllArts", "ae571d80afde2263"]]]]],
    ["libs",
     [["import dynlibs", "00000000000006bb"],
      ["package external libraries", "00000000000006bb"],
      ["module dynlibs", "00000000000006bb"],
      ["module plugins", "00000000000006bb"]]]]],
  ["Lean 4.28.0, commit 7e01a1bf5c70fc6167d49c345d3bf80596e9a79b",
   "a96bc04a2e5e9630"],
  ["/home/yutia000/Work/Courses/cs-6501-001/scene-flow-spec-lean/SceneFlowSpec/Examples.lean",
   "91ce1961e36d0980"],
  ["options", [["-DautoImplicit=false", "4a85acb881fd49d0"]]],
  ["Module.leanArgs: #[]", "00000000000006bb"]],
 "depHash": "6960bc5d8a42f5dc"}