{"synthetic": false,
 "schemaVersion": "2025-09-10",
 "outputs":
 {"o": ["1dd756dbeb896f0a.olean"],
  "i": "55a02e127f0ecfd5.ilean",
  "c": "0fc7a70bc1588861.c"},
 "log":
 [{"message":
   ".> LEAN_PATH=/home/yutia000/Work/Courses/cs-6501-001/scene-flow-spec-lean/.lake/build/lib/lean /home/yutia000/.elan/toolchains/leanprover--lean4---v4.28.0/bin/lean /home/yutia000/Work/Courses/cs-6501-001/scene-flow-spec-lean/SceneFlowSpec/Scene.lean -o /home/yutia000/Work/Courses/cs-6501-001/scene-flow-spec-lean/.lake/build/lib/lean/SceneFlowSpec/Scene.olean -i /home/yutia000/Work/Courses/cs-6501-001/scene-flow-spec-lean/.lake/build/lib/lean/SceneFlowSpec/Scene.ilean -c /home/yutia000/Work/Courses/cs-6501-001/scene-flow-spec-lean/.lake/build/ir/SceneFlowSpec/Scene.c --setup /home/yutia000/Work/Courses/cs-6501-001/scene-flow-spec-lean/.lake/build/ir/SceneFlowSpec/Scene.setup.json --json",
   "level": "trace"}],
 "inputs":
 [["SceneFlowSpec.Scene:deps",
   [["deps",
     [["«scene-flow-spec-lean»/SceneFlowSpec:extraDep",
       [["@«scene-flow-spec-lean»:extraDep", "00000000000006bb"]]],
      ["imports", "00000000000006bb"]]],
    ["libs",
     [["import dynlibs", "00000000000006bb"],
      ["package external libraries", "00000000000006bb"],
      ["module dynlibs", "00000000000006bb"],
      ["module plugins", "00000000000006bb"]]]]],
  ["Lean 4.28.0, commit 7e01a1bf5c70fc6167d49c345d3bf80596e9a79b",
   "a96bc04a2e5e9630"],
  ["/home/yutia000/Work/Courses/cs-6501-001/scene-flow-spec-lean/SceneFlowSpec/Scene.lean",
   "e7337317c125c962"],
  ["options", [["-DautoImplicit=false", "4a85acb881fd49d0"]]],
  ["Module.leanArgs: #[]", "00000000000006bb"]],
 "depHash": "828efded0567ee7b"}