{"synthetic": false,
 "schemaVersion": "2025-09-10",
 "outputs":
 {"o": ["f6c81c6703d9d9e7.olean"],
  "i": "024b244a32d04755.ilean",
  "c": "7c30a53593d23101.c"},
 "log":
 [{"message":
   ".> LEAN_PATH=/home/yutia000/Work/Courses/cs-6501-001/scene-flow-spec-lean/.lake/build/lib/lean /home/yutia000/.elan/toolchains/leanprover--lean4---v4.28.0/bin/lean /home/yutia000/Work/Courses/cs-6501-001/scene-flow-spec-lean/SceneFlowSpec/Semantics.lean -o /home/yutia000/Work/Courses/cs-6501-001/scene-flow-spec-lean/.lake/build/lib/lean/SceneFlowSpec/Semantics.olean -i /home/yutia000/Work/Courses/cs-6501-001/scene-flow-spec-lean/.lake/build/lib/lean/SceneFlowSpec/Semantics.ilean -c /home/yutia000/Work/Courses/cs-6501-001/scene-flow-spec-lean/.lake/build/ir/SceneFlowSpec/Semantics.c --setup /home/yutia000/Work/Courses/cs-6501-001/scene-flow-spec-lean/.lake/build/ir/SceneFlowSpec/Semantics.setup.json --json",
   "level": "trace"}],
 "inputs":
 [["SceneFlowSpec.Semantics:deps",
   [["deps",
     [["«scene-flow-spec-lean»/SceneFlowSpec:extraDep",
       [["@«scene-flow-spec-lean»:extraDep", "00000000000006bb"]]],
      ["imports",
       [["SceneFlowSpec.Formula transitive imports (legacy)",
         "ad1ce3b8bd527abc"],
        ["SceneFlowSpec.Formula:importAllArts", "eca675c663d2a91b"]]]]],
    ["libs",
     [["import dynlibs", "00000000000006bb"],
      ["package external libraries", "00000000000006bb"],
      ["module dynlibs", "00000000000006bb"],
      ["module plugins", "00000000000006bb"]]]]],
  ["Lean 4.28.0, commit 7e01a1bf5c70fc6167d49c345d3bf80596e9a79b",
   "a96bc04a2e5e9630"],
  ["/home/yutia000/Work/Courses/cs-6501-001/scene-flow-spec-lean/SceneFlowSpec/Semantics.lean",
   "c5010087056dec42"],
  ["options", [["-DautoImplicit=false", "4a85acb881fd49d0"]]],
  ["Module.leanArgs: #[]", "00000000000006bb"]],
 "depHash": "00cefc0424ce8905"}